<?xml version="1.0" encoding="UTF-8"?>
<testng-results ignored="0" total="1" passed="1" failed="0" skipped="0">
  <reporter-output>
  </reporter-output>
  <suite started-at="2023-01-09T08:36:34 IST" name="Suite" finished-at="2023-01-09T08:36:36 IST" duration-ms="2363">
    <groups>
    </groups>
    <test started-at="2023-01-09T08:36:34 IST" name="Test" finished-at="2023-01-09T08:36:36 IST" duration-ms="2363">
      <class name="com.spotify.endtoend.EndToEnd">
        <test-method is-config="true" signature="createFiles()[pri:0, instance:com.spotify.endtoend.EndToEnd@99a78d7]" started-at="2023-01-09T08:36:34 IST" name="createFiles" finished-at="2023-01-09T08:36:34 IST" duration-ms="100" status="PASS">
          <reporter-output>
          </reporter-output>
        </test-method> <!-- createFiles -->
        <test-method is-config="true" signature="bsConfig()[pri:0, instance:com.spotify.endtoend.EndToEnd@99a78d7]" started-at="2023-01-09T08:36:34 IST" name="bsConfig" finished-at="2023-01-09T08:36:35 IST" duration-ms="494" status="PASS">
          <reporter-output>
          </reporter-output>
        </test-method> <!-- bsConfig -->
        <test-method is-config="true" signature="setExtentReport(java.lang.reflect.Method)[pri:0, instance:com.spotify.endtoend.EndToEnd@99a78d7]" started-at="2023-01-09T08:36:35 IST" name="setExtentReport" finished-at="2023-01-09T08:36:35 IST" duration-ms="6" status="PASS">
          <params>
            <param index="0">
              <value>
                <![CDATA[public void com.spotify.endtoend.EndToEnd.endToend(java.lang.String,java.lang.String,java.lang.String,java.lang.String,java.lang.String,java.lang.String)]]>
              </value>
            </param>
          </params>
          <reporter-output>
          </reporter-output>
        </test-method> <!-- setExtentReport -->
        <test-method signature="endToend(java.lang.String,java.lang.String,java.lang.String,java.lang.String,java.lang.String,java.lang.String)[pri:0, instance:com.spotify.endtoend.EndToEnd@99a78d7]" started-at="2023-01-09T08:36:35 IST" name="endToend" description="End To End" data-provider="data1" finished-at="2023-01-09T08:36:36 IST" duration-ms="1713" status="PASS">
          <params>
            <param index="0">
              <value>
                <![CDATA[TC22]]>
              </value>
            </param>
            <param index="1">
              <value>
                <![CDATA[/playlists/{playlist_id}/followers]]>
              </value>
            </param>
            <param index="2">
              <value>
                <![CDATA[]]>
              </value>
            </param>
            <param index="3">
              <value>
                <![CDATA[]]>
              </value>
            </param>
            <param index="4">
              <value>
                <![CDATA[playlist_id]]>
              </value>
            </param>
            <param index="5">
              <value>
                <![CDATA[1Kf4t778lo2sAligXLJzF1]]>
              </value>
            </param>
          </params>
          <reporter-output>
          </reporter-output>
        </test-method> <!-- endToend -->
      </class> <!-- com.spotify.endtoend.EndToEnd -->
    </test> <!-- Test -->
  </suite> <!-- Suite -->
</testng-results>
