<?xml version="1.0" encoding="UTF-8"?>
<testng-results ignored="0" total="1" passed="1" failed="0" skipped="0">
  <reporter-output>
  </reporter-output>
  <suite started-at="2023-01-09T12:59:40 IST" name="Default suite" finished-at="2023-01-09T12:59:43 IST" duration-ms="2782">
    <groups>
    </groups>
    <test started-at="2023-01-09T12:59:40 IST" name="Default test" finished-at="2023-01-09T12:59:43 IST" duration-ms="2782">
      <class name="com.spotify.authorization.RenewToken">
        <test-method is-config="true" signature="createFiles()[pri:0, instance:com.spotify.authorization.RenewToken@2bf94401]" started-at="2023-01-09T12:59:40 IST" name="createFiles" finished-at="2023-01-09T12:59:40 IST" duration-ms="109" status="PASS">
          <reporter-output>
          </reporter-output>
        </test-method> <!-- createFiles -->
        <test-method is-config="true" signature="bsConfig()[pri:0, instance:com.spotify.authorization.RenewToken@2bf94401]" started-at="2023-01-09T12:59:40 IST" name="bsConfig" finished-at="2023-01-09T12:59:40 IST" duration-ms="604" status="PASS">
          <reporter-output>
          </reporter-output>
        </test-method> <!-- bsConfig -->
        <test-method is-config="true" signature="setExtentReport(java.lang.reflect.Method)[pri:0, instance:com.spotify.authorization.RenewToken@2bf94401]" started-at="2023-01-09T12:59:40 IST" name="setExtentReport" finished-at="2023-01-09T12:59:41 IST" duration-ms="9" status="PASS">
          <params>
            <param index="0">
              <value>
                <![CDATA[public void com.spotify.authorization.RenewToken.get_Token() throws java.lang.Exception]]>
              </value>
            </param>
          </params>
          <reporter-output>
          </reporter-output>
        </test-method> <!-- setExtentReport -->
        <test-method signature="get_Token()[pri:0, instance:com.spotify.authorization.RenewToken@2bf94401]" started-at="2023-01-09T12:59:41 IST" name="get_Token" finished-at="2023-01-09T12:59:43 IST" duration-ms="2144" status="PASS">
          <reporter-output>
          </reporter-output>
        </test-method> <!-- get_Token -->
      </class> <!-- com.spotify.authorization.RenewToken -->
    </test> <!-- Default test -->
  </suite> <!-- Default suite -->
</testng-results>
